#
# A fatal error has been detected by the Java Runtime Environment:
#
#  EXCEPTION_ACCESS_VIOLATION (0xc0000005) at pc=0x000000005e4d2868, pid=7384, tid=5896
#
# JRE version: Java(TM) SE Runtime Environment (8.0_65-b17) (build 1.8.0_65-b17)
# Java VM: Java HotSpot(TM) 64-Bit Server VM (25.65-b01 mixed mode windows-amd64 compressed oops)
# Problematic frame:
# C  [jdwp.dll+0x22868]
#
# Failed to write core dump. Minidumps are not enabled by default on client versions of Windows
#
# If you would like to submit a bug report, please visit:
#   http://bugreport.java.com/bugreport/crash.jsp
# The crash happened outside the Java Virtual Machine in native code.
# See problematic frame for where to report the bug.
#

---------------  T H R E A D  ---------------

Current thread (0x0000000014685800):  JavaThread "JDWP Command Reader" daemon [_thread_in_native, id=5896, stack(0x00000000161a0000,0x00000000162a0000)]

siginfo: ExceptionCode=0xc0000005, reading address 0x0000000000000000

Registers:
RAX=0x000000005e4df5a0, RBX=0x000000000000000c, RCX=0x0000000000000000, RDX=0x0000000000000028
RSP=0x000000001629f700, RBP=0x000000005e4d91a8, RSI=0x0000000000000004, RDI=0x000000005e4733c0
R8 =0x000000001629f768, R9 =0x7efefefefefeff6b, R10=0x81010101010100f8, R11=0x8101010101010100
R12=0x0000000014685e30, R13=0x0000000014686208, R14=0x0000000000000000, R15=0x000000005e4d9198
RIP=0x000000005e4d2868, EFLAGS=0x0000000000010206

Top of Stack: (sp=0x000000001629f700)
0x000000001629f700:   000000001629f728 0000000000000018
0x000000001629f710:   0000000000000000 0000000000000000
0x000000001629f720:   0000000000002714 000000005e4723c0
0x000000001629f730:   0000000000000001 0000000000000020
0x000000001629f740:   0000000000000000 0000000000000378
0x000000001629f750:   000000005e4733c0 000000005e47108e
0x000000001629f760:   000000000000000c 00000000004e09b0
0x000000001629f770:   0000000000000004 00000000c0000120
0x000000001629f780:   7075727265746e49 636e756620646574
0x000000001629f790:   6c6163206e6f6974 000000000000006c
0x000000001629f7a0:   0000000000000000 0000000000000318
0x000000001629f7b0:   0000000014686208 0000000014685e30
0x000000001629f7c0:   00000000004dd980 00007ff989a2f8d8
0x000000001629f7d0:   0000000000000318 00000000004cd360
0x000000001629f7e0:   00007ff9889396b0 000000001629f824
0x000000001629f7f0:   000000001629f888 0000000000000000 

Instructions: (pc=0x000000005e4d2868)
0x000000005e4d2848:   83 ec 50 48 63 d1 85 c9 75 07 33 c0 e9 84 00 00
0x000000005e4d2858:   00 48 8b 05 88 d4 00 00 4c 8d 44 24 68 48 8b 08
0x000000005e4d2868:   48 8b 01 ff 90 68 01 00 00 8b f8 85 c0 74 61 8b
0x000000005e4d2878:   c8 e8 72 ca fe ff 48 8b d8 ff 15 a9 49 00 00 c7 


Register to memory mapping:

RAX=0x000000005e4df5a0 is an unknown value
RBX=0x000000000000000c is an unknown value
RCX=0x0000000000000000 is an unknown value
RDX=0x0000000000000028 is an unknown value
RSP=0x000000001629f700 is pointing into the stack for thread: 0x0000000014685800
RBP=0x000000005e4d91a8 is an unknown value
RSI=0x0000000000000004 is an unknown value
RDI=0x000000005e4733c0 is an unknown value
R8 =0x000000001629f768 is pointing into the stack for thread: 0x0000000014685800
R9 =0x7efefefefefeff6b is an unknown value
R10=0x81010101010100f8 is an unknown value
R11=0x8101010101010100 is an unknown value
R12=0x0000000014685e30 is an unknown value
R13=0x0000000014686208 is an unknown value
R14=0x0000000000000000 is an unknown value
R15=0x000000005e4d9198 is an unknown value


Stack: [0x00000000161a0000,0x00000000162a0000],  sp=0x000000001629f700,  free space=1021k
Native frames: (J=compiled Java code, j=interpreted, Vv=VM code, C=native code)
C  [jdwp.dll+0x22868]
C  [dt_socket.dll+0x108e]
C  [dt_socket.dll+0x15f6]
C  [jdwp.dll+0x1fa11]
C  [jdwp.dll+0xecf6]
V  [jvm.dll+0x1bb8f8]
V  [jvm.dll+0x243144]
V  [jvm.dll+0x299f7a]
C  [msvcr100.dll+0x21d9f]
C  [msvcr100.dll+0x21e3b]
C  [KERNEL32.DLL+0x13d2]
C  [ntdll.dll+0x154e4]


---------------  P R O C E S S  ---------------

Java Threads: ( => current thread )
  0x00000000165dd000 JavaThread "Service Thread" daemon [_thread_blocked, id=10172, stack(0x00000000169a0000,0x0000000016aa0000)]
  0x000000001469a000 JavaThread "C1 CompilerThread2" daemon [_thread_blocked, id=9228, stack(0x00000000164a0000,0x00000000165a0000)]
  0x0000000014698800 JavaThread "C2 CompilerThread1" daemon [_thread_blocked, id=3012, stack(0x00000000163a0000,0x00000000164a0000)]
  0x0000000014694000 JavaThread "C2 CompilerThread0" daemon [_thread_blocked, id=9408, stack(0x00000000162a0000,0x00000000163a0000)]
=>0x0000000014685800 JavaThread "JDWP Command Reader" daemon [_thread_in_native, id=5896, stack(0x00000000161a0000,0x00000000162a0000)]
  0x0000000014684000 JavaThread "JDWP Event Helper Thread" daemon [_thread_blocked, id=8384, stack(0x00000000160a0000,0x00000000161a0000)]
  0x000000001467f800 JavaThread "JDWP Transport Listener: dt_socket" daemon [_thread_blocked, id=8412, stack(0x0000000015fa0000,0x00000000160a0000)]
  0x000000001466a800 JavaThread "Attach Listener" daemon [_thread_blocked, id=3948, stack(0x0000000015bc0000,0x0000000015cc0000)]
  0x0000000002046800 JavaThread "Finalizer" daemon [_thread_blocked, id=8860, stack(0x00000000158c0000,0x00000000159c0000)]
  0x0000000014639800 JavaThread "Reference Handler" daemon [_thread_blocked, id=9596, stack(0x00000000157c0000,0x00000000158c0000)]

Other Threads:
  0x0000000014637000 VMThread [stack: 0x00000000156c0000,0x00000000157c0000] [id=8856]

VM state:at safepoint (normal execution)

VM Mutex/Monitor currently owned by a thread:  ([mutex/lock_event])
[0x0000000001dbccd0] Threads_lock - owner thread: 0x0000000014637000
[0x0000000001dbd150] Heap_lock - owner thread: 0x0000000001dbd800

Heap:
 PSYoungGen      total 18944K, used 1967K [0x00000000eb100000, 0x00000000ec600000, 0x0000000100000000)
  eden space 16384K, 12% used [0x00000000eb100000,0x00000000eb2ebc30,0x00000000ec100000)
  from space 2560K, 0% used [0x00000000ec380000,0x00000000ec380000,0x00000000ec600000)
  to   space 2560K, 0% used [0x00000000ec100000,0x00000000ec100000,0x00000000ec380000)
 ParOldGen       total 44032K, used 0K [0x00000000c1200000, 0x00000000c3d00000, 0x00000000eb100000)
  object space 44032K, 0% used [0x00000000c1200000,0x00000000c1200000,0x00000000c3d00000)
 Metaspace       used 2727K, capacity 4486K, committed 4864K, reserved 1056768K
  class space    used 305K, capacity 386K, committed 512K, reserved 1048576K

Card table byte_map: [0x0000000011410000,0x0000000011610000] byte_map_base: 0x0000000010e07000

Marking Bits: (ParMarkBitMap*) 0x000000005c68a5b0
 Begin Bits: [0x0000000011b60000, 0x0000000012b18000)
 End Bits:   [0x0000000012b18000, 0x0000000013ad0000)

Polling page: 0x0000000001d80000

CodeCache: size=245760Kb used=1102Kb max_used=1106Kb free=244658Kb
 bounds [0x0000000002050000, 0x00000000022c0000, 0x0000000011050000]
 total_blobs=252 nmethods=26 adapters=147
 compilation: enabled

Compilation events (10 events):
Event: 0.213 Thread 0x0000000014698800   22       4       java.lang.String::charAt (29 bytes)
Event: 0.215 Thread 0x0000000014698800 nmethod 22 0x00000000021649d0 code [0x0000000002164b20, 0x0000000002164c18]
Event: 0.215 Thread 0x000000001469a000   23       3       java.util.HashMap::hash (20 bytes)
Event: 0.215 Thread 0x000000001469a000 nmethod 23 0x0000000002164550 code [0x00000000021646c0, 0x0000000002164928]
Event: 0.215 Thread 0x000000001469a000   24       3       java.lang.System::getSecurityManager (4 bytes)
Event: 0.215 Thread 0x000000001469a000 nmethod 24 0x0000000002164250 code [0x00000000021643a0, 0x00000000021644d0]
Event: 0.215 Thread 0x000000001469a000   25       3       java.lang.StringBuilder::append (8 bytes)
Event: 0.216 Thread 0x000000001469a000 nmethod 25 0x0000000002163710 code [0x0000000002163880, 0x0000000002163a28]
Event: 0.225 Thread 0x000000001469a000   26       3       java.lang.String::startsWith (72 bytes)
Event: 0.225 Thread 0x000000001469a000 nmethod 26 0x0000000002163090 code [0x0000000002163200, 0x0000000002163530]

GC Heap History (0 events):
No events

Deoptimization events (0 events):
No events

Internal exceptions (2 events):
Event: 0.062 Thread 0x0000000001dbd800 Exception <a 'java/lang/NoSuchMethodError': Method sun.misc.Unsafe.defineClass(Ljava/lang/String;[BII)Ljava/lang/Class; name or signature does not match> (0x00000000eb10d6f8) thrown at [C:\workspace\8-2-build-windows-amd64-cygwin\jdk8u65\4987\hotspot\src\scÄJ0¿
Event: 0.063 Thread 0x0000000001dbd800 Exception <a 'java/lang/NoSuchMethodError': Method sun.misc.Unsafe.prefetchRead(Ljava/lang/Object;J)V name or signature does not match> (0x00000000eb10d9e0) thrown at [C:\workspace\8-2-build-windows-amd64-cygwin\jdk8u65\4987\hotspot\src\share\vm\prims\jni.

Events (10 events):
Event: 0.227 loading class java/util/IdentityHashMap
Event: 0.228 loading class java/util/IdentityHashMap done
Event: 0.228 loading class java/util/IdentityHashMap$KeySet
Event: 0.228 loading class java/util/IdentityHashMap$KeySet done
Event: 0.229 Thread 0x0000000001dbd800 Thread exited: 0x0000000001dbd800
Event: 0.229 Thread 0x0000000001dbd800 Thread added: 0x0000000001dbd800
Event: 0.229 loading class java/lang/Shutdown
Event: 0.229 loading class java/lang/Shutdown done
Event: 0.229 loading class java/lang/Shutdown$Lock
Event: 0.230 loading class java/lang/Shutdown$Lock done


Dynamic libraries:
0x00007ff764820000 - 0x00007ff764857000 	C:\Program Files\Java\jre1.8.0_65\bin\javaw.exe
0x00007ff98bfc0000 - 0x00007ff98c16d000 	C:\WINDOWS\SYSTEM32\ntdll.dll
0x00007ff98bdb0000 - 0x00007ff98beee000 	C:\WINDOWS\system32\KERNEL32.DLL
0x00007ff9891b0000 - 0x00007ff9892c5000 	C:\WINDOWS\system32\KERNELBASE.dll
0x00007ff987c60000 - 0x00007ff987cee000 	C:\WINDOWS\system32\apphelp.dll
0x00007ff981420000 - 0x00007ff981473000 	C:\WINDOWS\AppPatch\AppPatch64\AcGenral.DLL
0x00007ff98b410000 - 0x00007ff98b4ba000 	C:\WINDOWS\system32\msvcrt.dll
0x00007ff9892d0000 - 0x00007ff9892fe000 	C:\WINDOWS\system32\SspiCli.dll
0x00007ff98b8f0000 - 0x00007ff98b944000 	C:\WINDOWS\system32\SHLWAPI.dll
0x00007ff98b770000 - 0x00007ff98b8e7000 	C:\WINDOWS\system32\USER32.dll
0x00007ff9896a0000 - 0x00007ff989834000 	C:\WINDOWS\system32\ole32.dll
0x00007ff989b50000 - 0x00007ff98b078000 	C:\WINDOWS\system32\SHELL32.dll
0x00007ff9886c0000 - 0x00007ff9886e1000 	C:\WINDOWS\SYSTEM32\USERENV.dll
0x00007ff98b080000 - 0x00007ff98b12a000 	C:\WINDOWS\system32\ADVAPI32.dll
0x00007ff9804a0000 - 0x00007ff9804be000 	C:\WINDOWS\SYSTEM32\MPR.dll
0x00007ff98b130000 - 0x00007ff98b270000 	C:\WINDOWS\system32\RPCRT4.dll
0x00007ff98b500000 - 0x00007ff98b559000 	C:\WINDOWS\SYSTEM32\sechost.dll
0x00007ff98b950000 - 0x00007ff98bb62000 	C:\WINDOWS\SYSTEM32\combase.dll
0x00007ff98b620000 - 0x00007ff98b76f000 	C:\WINDOWS\system32\GDI32.dll
0x00007ff9890e0000 - 0x00007ff9890f5000 	C:\WINDOWS\SYSTEM32\profapi.dll
0x00007ff987190000 - 0x00007ff987242000 	C:\WINDOWS\SYSTEM32\SHCORE.dll
0x00007ff98b3d0000 - 0x00007ff98b406000 	C:\WINDOWS\system32\IMM32.DLL
0x00007ff98b270000 - 0x00007ff98b3c2000 	C:\WINDOWS\system32\MSCTF.dll
0x00007ff9850d0000 - 0x00007ff98534b000 	C:\WINDOWS\WinSxS\amd64_microsoft.windows.common-controls_6595b64144ccf1df_6.0.9600.18006_none_623f33d3ecbe86e8\COMCTL32.dll
0x000000005e530000 - 0x000000005e602000 	C:\Program Files\Java\jre1.8.0_65\bin\msvcr100.dll
0x000000005be80000 - 0x000000005c709000 	C:\Program Files\Java\jre1.8.0_65\bin\server\jvm.dll
0x00007ff96ee00000 - 0x00007ff96ee09000 	C:\WINDOWS\SYSTEM32\WSOCK32.dll
0x00007ff977d80000 - 0x00007ff977da2000 	C:\WINDOWS\SYSTEM32\WINMM.dll
0x00007ff980f30000 - 0x00007ff980f3a000 	C:\WINDOWS\SYSTEM32\VERSION.dll
0x00007ff989b40000 - 0x00007ff989b47000 	C:\WINDOWS\system32\PSAPI.DLL
0x00007ff989a20000 - 0x00007ff989a7a000 	C:\WINDOWS\system32\WS2_32.dll
0x00007ff977d50000 - 0x00007ff977d7a000 	C:\WINDOWS\SYSTEM32\WINMMBASE.dll
0x00007ff98bd30000 - 0x00007ff98bd39000 	C:\WINDOWS\system32\NSI.dll
0x00007ff989300000 - 0x00007ff98934f000 	C:\WINDOWS\SYSTEM32\cfgmgr32.dll
0x00007ff987ec0000 - 0x00007ff987ee8000 	C:\WINDOWS\SYSTEM32\DEVOBJ.dll
0x000000005e520000 - 0x000000005e52f000 	C:\Program Files\Java\jre1.8.0_65\bin\verify.dll
0x000000005e4f0000 - 0x000000005e519000 	C:\Program Files\Java\jre1.8.0_65\bin\java.dll
0x000000005e4b0000 - 0x000000005e4e5000 	C:\Program Files\Java\jre1.8.0_65\bin\jdwp.dll
0x000000005e4a0000 - 0x000000005e4a8000 	C:\Program Files\Java\jre1.8.0_65\bin\npt.dll
0x000000005e480000 - 0x000000005e496000 	C:\Program Files\Java\jre1.8.0_65\bin\zip.dll
0x000000005e470000 - 0x000000005e479000 	C:\Program Files\Java\jre1.8.0_65\bin\dt_socket.dll
0x00007ff976120000 - 0x00007ff976135000 	C:\WINDOWS\system32\napinsp.dll
0x00007ff976140000 - 0x00007ff97615a000 	C:\WINDOWS\system32\pnrpnsp.dll
0x00007ff9838e0000 - 0x00007ff9838fb000 	C:\WINDOWS\system32\NLAapi.dll
0x00007ff988930000 - 0x00007ff988989000 	C:\WINDOWS\System32\mswsock.dll
0x00007ff988730000 - 0x00007ff9887d4000 	C:\WINDOWS\SYSTEM32\DNSAPI.dll
0x00007ff976160000 - 0x00007ff97616d000 	C:\WINDOWS\System32\winrnr.dll
0x00007ff976170000 - 0x00007ff976184000 	C:\WINDOWS\system32\wshbth.dll
0x00007ff982dc0000 - 0x00007ff982e2b000 	C:\WINDOWS\System32\fwpuclnt.dll
0x00007ff9775a0000 - 0x00007ff9775aa000 	C:\Windows\System32\rasadhlp.dll
0x00007ff980750000 - 0x00007ff9808d9000 	C:\WINDOWS\SYSTEM32\dbghelp.dll

VM Arguments:
jvm_args: -agentlib:jdwp=transport=dt_socket,suspend=y,address=localhost:4200 -Dfile.encoding=Cp1252 
java_command: dni.MainDni
java_class_path (initial): C:\Users\Java11\workspace\dni\target\classes
Launcher Type: SUN_STANDARD

Environment Variables:
PATH=C:/Program Files/Java/jre1.8.0_131/bin/server;C:/Program Files/Java/jre1.8.0_131/bin;C:/Program Files/Java/jre1.8.0_131/lib/amd64;C:\ProgramData\Oracle\Java\javapath;C:\Program Files (x86)\Intel\iCLS Client\;C:\Program Files\Intel\iCLS Client\;C:\Windows\system32;C:\Windows;C:\Windows\System32\Wbem;C:\Windows\System32\WindowsPowerShell\v1.0\;C:\Program Files (x86)\Acer\abFiles\;C:\Program Files\Intel\Intel(R) Management Engine Components\DAL;C:\Program Files\Intel\Intel(R) Management Engine Components\IPT;C:\Program Files (x86)\Intel\Intel(R) Management Engine Components\DAL;C:\Program Files (x86)\Intel\Intel(R) Management Engine Components\IPT;C:\Program Files\Microsoft SQL Server\Client SDK\ODBC\110\Tools\Binn\;C:\Program Files (x86)\Microsoft SQL Server\120\Tools\Binn\ManagementStudio\;C:\Program Files (x86)\Microsoft SQL Server\120\Tools\Binn\;C:\Program Files\Microsoft SQL Server\120\Tools\Binn\;C:\Program Files (x86)\Microsoft SQL Server\120\DTS\Binn\;C:\Program Files\Microsoft SQL Server\120\DTS\Binn\;C:\Program Files (x86)\Windows Kits\8.1\Windows Performance Toolkit\;C:\Program Files\Microsoft SQL Server\110\Tools\Binn\;C:\Users\Java11\Desktop\eclipse-jee-neon-3-win32-x86_64\eclipse;
USERNAME=Java11
OS=Windows_NT
PROCESSOR_IDENTIFIER=Intel64 Family 6 Model 69 Stepping 1, GenuineIntel



---------------  S Y S T E M  ---------------

OS: Windows 8.1 , 64 bit Build 9600 (6.3.9600.17415)

CPU:total 4 (2 cores per cpu, 2 threads per core) family 6 model 69 stepping 1, cmov, cx8, fxsr, mmx, sse, sse2, sse3, ssse3, sse4.1, sse4.2, popcnt, avx, avx2, aes, clmul, erms, lzcnt, ht, tsc, tscinvbit, bmi1, bmi2

Memory: 4k page, physical 4115736k(1110660k free), swap 8310040k(4404488k free)

vm_info: Java HotSpot(TM) 64-Bit Server VM (25.65-b01) for windows-amd64 JRE (1.8.0_65-b17), built on Oct  6 2015 16:39:20 by "java_re" with MS VC++ 10.0 (VS2010)

time: Mon May 29 20:40:12 2017
elapsed time: 0 seconds (0d 0h 0m 0s)

